<?xml version="1.0" encoding="UTF-8"?>
<!-- Generated by org.testng.reporters.JUnitReportReporter -->
<testsuite hostname="Amrutha" name="org.mmp.tests.VerifyPatientLogin" tests="2" failures="0" timestamp="10 Feb 2017 00:43:49 GMT" time="14.933" errors="0">
  <testcase name="searchPendingtoAccept" time="13.675" classname="org.mmp.tests.VerifyPatientLogin"/>
  <testcase name="logintoAdmin" time="1.258" classname="org.mmp.tests.VerifyPatientLogin"/>
</testsuite> <!-- org.mmp.tests.VerifyPatientLogin -->
